{"C:\\Users\\Bhavyaa\\OneDrive\\Desktop\\PrepZen AI\\backend\\src\\app.ts": {"path":"C:\\Users\\Bhavyaa\\OneDrive\\Desktop\\PrepZen AI\\backend\\src\\app.ts","statementMap":{"0":{"start":{"line":1,"column":0},"end":{"line":1,"column":30}},"1":{"start":{"line":2,"column":0},"end":{"line":2,"column":28}},"2":{"start":{"line":3,"column":0},"end":{"line":3,"column":24}},"3":{"start":{"line":4,"column":0},"end":{"line":4,"column":43}},"4":{"start":{"line":5,"column":0},"end":{"line":5,"column":51}},"5":{"start":{"line":6,"column":0},"end":{"line":6,"column":28}},"6":{"start":{"line":8,"column":0},"end":{"line":8,"column":30}},"7":{"start":{"line":9,"column":0},"end":{"line":9,"column":58}},"8":{"start":{"line":12,"column":12},"end":{"line":12,"column":21}},"9":{"start":{"line":13,"column":0},"end":{"line":13,"column":26}},"10":{"start":{"line":15,"column":0},"end":{"line":19,"column":2}},"11":{"start":{"line":20,"column":0},"end":{"line":20,"column":24}},"12":{"start":{"line":21,"column":0},"end":{"line":21,"column":49}},"13":{"start":{"line":22,"column":0},"end":{"line":27,"column":2}},"14":{"start":{"line":28,"column":0},"end":{"line":28,"column":25}},"15":{"start":{"line":29,"column":0},"end":{"line":29,"column":15}},"16":{"start":{"line":31,"column":16},"end":{"line":37,"column":2}},"17":{"start":{"line":38,"column":0},"end":{"line":38,"column":17}},"18":{"start":{"line":40,"column":0},"end":{"line":40,"column":24}},"19":{"start":{"line":42,"column":0},"end":{"line":42,"column":22}},"20":{"start":{"line":44,"column":0},"end":{"line":44,"column":19}}},"fnMap":{},"branchMap":{"0":{"loc":{"start":{"line":24,"column":12},"end":{"line":24,"column":60}},"type":"binary-expr","locations":[{"start":{"line":24,"column":12},"end":{"line":24,"column":52}},{"start":{"line":24,"column":56},"end":{"line":24,"column":60}}]}},"s":{"0":1,"1":1,"2":1,"3":1,"4":1,"5":1,"6":1,"7":1,"8":1,"9":1,"10":1,"11":1,"12":1,"13":1,"14":1,"15":1,"16":1,"17":1,"18":1,"19":1,"20":1},"f":{},"b":{"0":[1,1]}}
,"C:\\Users\\Bhavyaa\\OneDrive\\Desktop\\PrepZen AI\\backend\\src\\config\\index.ts": {"path":"C:\\Users\\Bhavyaa\\OneDrive\\Desktop\\PrepZen AI\\backend\\src\\config\\index.ts","statementMap":{"0":{"start":{"line":1,"column":0},"end":{"line":1,"column":28}},"1":{"start":{"line":3,"column":0},"end":{"line":3,"column":16}},"2":{"start":{"line":5,"column":13},"end":{"line":10,"column":2}}},"fnMap":{},"branchMap":{"0":{"loc":{"start":{"line":6,"column":15},"end":{"line":6,"column":39}},"type":"binary-expr","locations":[{"start":{"line":6,"column":15},"end":{"line":6,"column":31}},{"start":{"line":6,"column":35},"end":{"line":6,"column":39}}]},"1":{"loc":{"start":{"line":7,"column":12},"end":{"line":7,"column":72}},"type":"binary-expr","locations":[{"start":{"line":7,"column":12},"end":{"line":7,"column":33}},{"start":{"line":7,"column":37},"end":{"line":7,"column":72}}]},"2":{"loc":{"start":{"line":8,"column":13},"end":{"line":8,"column":50}},"type":"binary-expr","locations":[{"start":{"line":8,"column":13},"end":{"line":8,"column":35}},{"start":{"line":8,"column":39},"end":{"line":8,"column":50}}]},"3":{"loc":{"start":{"line":9,"column":13},"end":{"line":9,"column":45}},"type":"binary-expr","locations":[{"start":{"line":9,"column":13},"end":{"line":9,"column":39}},{"start":{"line":9,"column":43},"end":{"line":9,"column":45}}]}},"s":{"0":2,"1":2,"2":2},"f":{},"b":{"0":[2,0],"1":[2,0],"2":[2,0],"3":[2,2]}}
,"C:\\Users\\Bhavyaa\\OneDrive\\Desktop\\PrepZen AI\\backend\\src\\controllers\\aiController.ts": {"path":"C:\\Users\\Bhavyaa\\OneDrive\\Desktop\\PrepZen AI\\backend\\src\\controllers\\aiController.ts","statementMap":{"0":{"start":{"line":4,"column":0},"end":{"line":4,"column":7}},"1":{"start":{"line":11,"column":0},"end":{"line":11,"column":7}},"2":{"start":{"line":2,"column":0},"end":{"line":2,"column":72}},"3":{"start":{"line":5,"column":18},"end":{"line":5,"column":36}},"4":{"start":{"line":6,"column":19},"end":{"line":6,"column":27}},"5":{"start":{"line":7,"column":17},"end":{"line":7,"column":66}},"6":{"start":{"line":8,"column":2},"end":{"line":8,"column":19}},"7":{"start":{"line":12,"column":18},"end":{"line":12,"column":36}},"8":{"start":{"line":13,"column":22},"end":{"line":13,"column":30}},"9":{"start":{"line":14,"column":16},"end":{"line":14,"column":46}},"10":{"start":{"line":15,"column":2},"end":{"line":15,"column":22}}},"fnMap":{"0":{"name":"analyzeJournal","decl":{"start":{"line":4,"column":22},"end":{"line":4,"column":36}},"loc":{"start":{"line":4,"column":64},"end":{"line":9,"column":1}}},"1":{"name":"chatWithCoach","decl":{"start":{"line":11,"column":22},"end":{"line":11,"column":35}},"loc":{"start":{"line":11,"column":63},"end":{"line":16,"column":1}}}},"branchMap":{},"s":{"0":1,"1":1,"2":1,"3":0,"4":0,"5":0,"6":0,"7":0,"8":0,"9":0,"10":0},"f":{"0":0,"1":0},"b":{}}
,"C:\\Users\\Bhavyaa\\OneDrive\\Desktop\\PrepZen AI\\backend\\src\\controllers\\analyticsController.ts": {"path":"C:\\Users\\Bhavyaa\\OneDrive\\Desktop\\PrepZen AI\\backend\\src\\controllers\\analyticsController.ts","statementMap":{"0":{"start":{"line":4,"column":0},"end":{"line":4,"column":7}},"1":{"start":{"line":2,"column":0},"end":{"line":2,"column":71}},"2":{"start":{"line":5,"column":18},"end":{"line":5,"column":36}},"3":{"start":{"line":6,"column":15},"end":{"line":6,"column":52}},"4":{"start":{"line":7,"column":2},"end":{"line":7,"column":17}}},"fnMap":{"0":{"name":"getAnalytics","decl":{"start":{"line":4,"column":22},"end":{"line":4,"column":34}},"loc":{"start":{"line":4,"column":62},"end":{"line":8,"column":1}}}},"branchMap":{},"s":{"0":1,"1":1,"2":0,"3":0,"4":0},"f":{"0":0},"b":{}}
,"C:\\Users\\Bhavyaa\\OneDrive\\Desktop\\PrepZen AI\\backend\\src\\controllers\\authController.ts": {"path":"C:\\Users\\Bhavyaa\\OneDrive\\Desktop\\PrepZen AI\\backend\\src\\controllers\\authController.ts","statementMap":{"0":{"start":{"line":4,"column":0},"end":{"line":4,"column":7}},"1":{"start":{"line":11,"column":0},"end":{"line":11,"column":7}},"2":{"start":{"line":2,"column":0},"end":{"line":2,"column":86}},"3":{"start":{"line":5,"column":36},"end":{"line":5,"column":44}},"4":{"start":{"line":6,"column":15},"end":{"line":6,"column":58}},"5":{"start":{"line":7,"column":16},"end":{"line":7,"column":50}},"6":{"start":{"line":8,"column":2},"end":{"line":8,"column":93}},"7":{"start":{"line":12,"column":30},"end":{"line":12,"column":38}},"8":{"start":{"line":13,"column":15},"end":{"line":13,"column":54}},"9":{"start":{"line":14,"column":16},"end":{"line":14,"column":50}},"10":{"start":{"line":15,"column":2},"end":{"line":15,"column":93}}},"fnMap":{"0":{"name":"register","decl":{"start":{"line":4,"column":22},"end":{"line":4,"column":30}},"loc":{"start":{"line":4,"column":58},"end":{"line":9,"column":1}}},"1":{"name":"login","decl":{"start":{"line":11,"column":22},"end":{"line":11,"column":27}},"loc":{"start":{"line":11,"column":55},"end":{"line":16,"column":1}}}},"branchMap":{},"s":{"0":1,"1":1,"2":1,"3":0,"4":0,"5":0,"6":0,"7":0,"8":0,"9":0,"10":0},"f":{"0":0,"1":0},"b":{}}
,"C:\\Users\\Bhavyaa\\OneDrive\\Desktop\\PrepZen AI\\backend\\src\\controllers\\journalController.ts": {"path":"C:\\Users\\Bhavyaa\\OneDrive\\Desktop\\PrepZen AI\\backend\\src\\controllers\\journalController.ts","statementMap":{"0":{"start":{"line":4,"column":0},"end":{"line":4,"column":7}},"1":{"start":{"line":11,"column":0},"end":{"line":11,"column":7}},"2":{"start":{"line":2,"column":0},"end":{"line":2,"column":90}},"3":{"start":{"line":5,"column":17},"end":{"line":5,"column":28}},"4":{"start":{"line":6,"column":19},"end":{"line":6,"column":27}},"5":{"start":{"line":7,"column":17},"end":{"line":7,"column":55}},"6":{"start":{"line":8,"column":2},"end":{"line":8,"column":19}},"7":{"start":{"line":12,"column":17},"end":{"line":12,"column":28}},"8":{"start":{"line":13,"column":18},"end":{"line":13,"column":61}},"9":{"start":{"line":14,"column":2},"end":{"line":14,"column":20}}},"fnMap":{"0":{"name":"createJournal","decl":{"start":{"line":4,"column":22},"end":{"line":4,"column":35}},"loc":{"start":{"line":4,"column":63},"end":{"line":9,"column":1}}},"1":{"name":"getJournalHistory","decl":{"start":{"line":11,"column":22},"end":{"line":11,"column":39}},"loc":{"start":{"line":11,"column":67},"end":{"line":15,"column":1}}}},"branchMap":{},"s":{"0":1,"1":1,"2":1,"3":0,"4":0,"5":0,"6":0,"7":0,"8":0,"9":0},"f":{"0":0,"1":0},"b":{}}
,"C:\\Users\\Bhavyaa\\OneDrive\\Desktop\\PrepZen AI\\backend\\src\\controllers\\moodController.ts": {"path":"C:\\Users\\Bhavyaa\\OneDrive\\Desktop\\PrepZen AI\\backend\\src\\controllers\\moodController.ts","statementMap":{"0":{"start":{"line":4,"column":0},"end":{"line":4,"column":7}},"1":{"start":{"line":10,"column":0},"end":{"line":10,"column":7}},"2":{"start":{"line":2,"column":0},"end":{"line":2,"column":81}},"3":{"start":{"line":5,"column":17},"end":{"line":5,"column":28}},"4":{"start":{"line":6,"column":16},"end":{"line":6,"column":55}},"5":{"start":{"line":7,"column":2},"end":{"line":7,"column":18}},"6":{"start":{"line":11,"column":17},"end":{"line":11,"column":28}},"7":{"start":{"line":12,"column":18},"end":{"line":12,"column":58}},"8":{"start":{"line":13,"column":2},"end":{"line":13,"column":20}}},"fnMap":{"0":{"name":"createMood","decl":{"start":{"line":4,"column":22},"end":{"line":4,"column":32}},"loc":{"start":{"line":4,"column":60},"end":{"line":8,"column":1}}},"1":{"name":"getMoodHistory","decl":{"start":{"line":10,"column":22},"end":{"line":10,"column":36}},"loc":{"start":{"line":10,"column":64},"end":{"line":14,"column":1}}}},"branchMap":{},"s":{"0":1,"1":1,"2":1,"3":0,"4":0,"5":0,"6":0,"7":0,"8":0},"f":{"0":0,"1":0},"b":{}}
,"C:\\Users\\Bhavyaa\\OneDrive\\Desktop\\PrepZen AI\\backend\\src\\middlewares\\asyncHandler.ts": {"path":"C:\\Users\\Bhavyaa\\OneDrive\\Desktop\\PrepZen AI\\backend\\src\\middlewares\\asyncHandler.ts","statementMap":{"0":{"start":{"line":3,"column":0},"end":{"line":3,"column":16}},"1":{"start":{"line":4,"column":2},"end":{"line":10,"column":4}},"2":{"start":{"line":5,"column":4},"end":{"line":9,"column":5}},"3":{"start":{"line":6,"column":6},"end":{"line":6,"column":36}},"4":{"start":{"line":8,"column":6},"end":{"line":8,"column":18}}},"fnMap":{"0":{"name":"asyncHandler","decl":{"start":{"line":3,"column":16},"end":{"line":3,"column":28}},"loc":{"start":{"line":3,"column":52},"end":{"line":11,"column":1}}},"1":{"name":"(anonymous_1)","decl":{"start":{"line":4,"column":9},"end":{"line":4,"column":14}},"loc":{"start":{"line":4,"column":67},"end":{"line":10,"column":3}}}},"branchMap":{},"s":{"0":1,"1":7,"2":0,"3":0,"4":0},"f":{"0":7,"1":0},"b":{}}
,"C:\\Users\\Bhavyaa\\OneDrive\\Desktop\\PrepZen AI\\backend\\src\\middlewares\\auth.ts": {"path":"C:\\Users\\Bhavyaa\\OneDrive\\Desktop\\PrepZen AI\\backend\\src\\middlewares\\auth.ts","statementMap":{"0":{"start":{"line":6,"column":0},"end":{"line":6,"column":16}},"1":{"start":{"line":1,"column":0},"end":{"line":1,"column":31}},"2":{"start":{"line":3,"column":0},"end":{"line":3,"column":35}},"3":{"start":{"line":4,"column":0},"end":{"line":4,"column":45}},"4":{"start":{"line":7,"column":15},"end":{"line":7,"column":40}},"5":{"start":{"line":8,"column":2},"end":{"line":10,"column":3}},"6":{"start":{"line":9,"column":4},"end":{"line":9,"column":51}},"7":{"start":{"line":12,"column":16},"end":{"line":12,"column":43}},"8":{"start":{"line":13,"column":2},"end":{"line":19,"column":3}},"9":{"start":{"line":14,"column":20},"end":{"line":14,"column":100}},"10":{"start":{"line":15,"column":4},"end":{"line":15,"column":28}},"11":{"start":{"line":16,"column":4},"end":{"line":16,"column":11}},"12":{"start":{"line":18,"column":4},"end":{"line":18,"column":45}}},"fnMap":{"0":{"name":"requireAuth","decl":{"start":{"line":6,"column":16},"end":{"line":6,"column":27}},"loc":{"start":{"line":6,"column":75},"end":{"line":20,"column":1}}}},"branchMap":{"0":{"loc":{"start":{"line":8,"column":2},"end":{"line":10,"column":3}},"type":"if","locations":[{"start":{"line":8,"column":2},"end":{"line":10,"column":3}}]}},"s":{"0":1,"1":1,"2":1,"3":1,"4":0,"5":0,"6":0,"7":0,"8":0,"9":0,"10":0,"11":0,"12":0},"f":{"0":0},"b":{"0":[0]}}
,"C:\\Users\\Bhavyaa\\OneDrive\\Desktop\\PrepZen AI\\backend\\src\\middlewares\\errorHandler.ts": {"path":"C:\\Users\\Bhavyaa\\OneDrive\\Desktop\\PrepZen AI\\backend\\src\\middlewares\\errorHandler.ts","statementMap":{"0":{"start":{"line":3,"column":0},"end":{"line":3,"column":16}},"1":{"start":{"line":4,"column":2},"end":{"line":6,"column":3}},"2":{"start":{"line":5,"column":4},"end":{"line":5,"column":23}},"3":{"start":{"line":8,"column":2},"end":{"line":10,"column":5}}},"fnMap":{"0":{"name":"errorHandler","decl":{"start":{"line":3,"column":16},"end":{"line":3,"column":28}},"loc":{"start":{"line":3,"column":86},"end":{"line":11,"column":1}}}},"branchMap":{"0":{"loc":{"start":{"line":4,"column":2},"end":{"line":6,"column":3}},"type":"if","locations":[{"start":{"line":4,"column":2},"end":{"line":6,"column":3}}]},"1":{"loc":{"start":{"line":8,"column":13},"end":{"line":8,"column":48}},"type":"binary-expr","locations":[{"start":{"line":8,"column":13},"end":{"line":8,"column":27}},{"start":{"line":8,"column":31},"end":{"line":8,"column":41}},{"start":{"line":8,"column":45},"end":{"line":8,"column":48}}]},"2":{"loc":{"start":{"line":9,"column":13},"end":{"line":9,"column":51}},"type":"binary-expr","locations":[{"start":{"line":9,"column":13},"end":{"line":9,"column":24}},{"start":{"line":9,"column":28},"end":{"line":9,"column":51}}]}},"s":{"0":1,"1":1,"2":0,"3":1},"f":{"0":1},"b":{"0":[0],"1":[1,0,0],"2":[1,0]}}
,"C:\\Users\\Bhavyaa\\OneDrive\\Desktop\\PrepZen AI\\backend\\src\\middlewares\\validateRequest.ts": {"path":"C:\\Users\\Bhavyaa\\OneDrive\\Desktop\\PrepZen AI\\backend\\src\\middlewares\\validateRequest.ts","statementMap":{"0":{"start":{"line":5,"column":0},"end":{"line":5,"column":16}},"1":{"start":{"line":2,"column":0},"end":{"line":2,"column":45}},"2":{"start":{"line":3,"column":0},"end":{"line":3,"column":45}},"3":{"start":{"line":6,"column":2},"end":{"line":17,"column":4}},"4":{"start":{"line":7,"column":4},"end":{"line":16,"column":5}},"5":{"start":{"line":8,"column":6},"end":{"line":8,"column":77}},"6":{"start":{"line":9,"column":6},"end":{"line":9,"column":13}},"7":{"start":{"line":11,"column":6},"end":{"line":14,"column":7}},"8":{"start":{"line":12,"column":24},"end":{"line":12,"column":107}},"9":{"start":{"line":12,"column":64},"end":{"line":12,"column":95}},"10":{"start":{"line":13,"column":8},"end":{"line":13,"column":48}},"11":{"start":{"line":15,"column":6},"end":{"line":15,"column":18}}},"fnMap":{"0":{"name":"validateRequest","decl":{"start":{"line":5,"column":16},"end":{"line":5,"column":31}},"loc":{"start":{"line":5,"column":52},"end":{"line":18,"column":1}}},"1":{"name":"(anonymous_1)","decl":{"start":{"line":6,"column":9},"end":{"line":6,"column":10}},"loc":{"start":{"line":6,"column":61},"end":{"line":17,"column":3}}},"2":{"name":"(anonymous_2)","decl":{"start":{"line":12,"column":41},"end":{"line":12,"column":42}},"loc":{"start":{"line":12,"column":64},"end":{"line":12,"column":95}}}},"branchMap":{"0":{"loc":{"start":{"line":11,"column":6},"end":{"line":14,"column":7}},"type":"if","locations":[{"start":{"line":11,"column":6},"end":{"line":14,"column":7}}]}},"s":{"0":1,"1":1,"2":1,"3":4,"4":1,"5":1,"6":0,"7":1,"8":1,"9":2,"10":1,"11":0},"f":{"0":4,"1":1,"2":2},"b":{"0":[1]}}
,"C:\\Users\\Bhavyaa\\OneDrive\\Desktop\\PrepZen AI\\backend\\src\\models\\AIAnalysis.ts": {"path":"C:\\Users\\Bhavyaa\\OneDrive\\Desktop\\PrepZen AI\\backend\\src\\models\\AIAnalysis.ts","statementMap":{"0":{"start":{"line":1,"column":0},"end":{"line":1,"column":51}},"1":{"start":{"line":14,"column":25},"end":{"line":23,"column":24}},"2":{"start":{"line":25,"column":0},"end":{"line":25,"column":66}}},"fnMap":{},"branchMap":{},"s":{"0":1,"1":1,"2":1},"f":{},"b":{}}
,"C:\\Users\\Bhavyaa\\OneDrive\\Desktop\\PrepZen AI\\backend\\src\\models\\JournalEntry.ts": {"path":"C:\\Users\\Bhavyaa\\OneDrive\\Desktop\\PrepZen AI\\backend\\src\\models\\JournalEntry.ts","statementMap":{"0":{"start":{"line":1,"column":0},"end":{"line":1,"column":51}},"1":{"start":{"line":9,"column":22},"end":{"line":13,"column":24}},"2":{"start":{"line":15,"column":0},"end":{"line":15,"column":67}}},"fnMap":{},"branchMap":{},"s":{"0":1,"1":1,"2":1},"f":{},"b":{}}
,"C:\\Users\\Bhavyaa\\OneDrive\\Desktop\\PrepZen AI\\backend\\src\\models\\MoodEntry.ts": {"path":"C:\\Users\\Bhavyaa\\OneDrive\\Desktop\\PrepZen AI\\backend\\src\\models\\MoodEntry.ts","statementMap":{"0":{"start":{"line":1,"column":0},"end":{"line":1,"column":51}},"1":{"start":{"line":12,"column":19},"end":{"line":19,"column":24}},"2":{"start":{"line":21,"column":0},"end":{"line":21,"column":58}}},"fnMap":{},"branchMap":{},"s":{"0":1,"1":1,"2":1},"f":{},"b":{}}
,"C:\\Users\\Bhavyaa\\OneDrive\\Desktop\\PrepZen AI\\backend\\src\\models\\User.ts": {"path":"C:\\Users\\Bhavyaa\\OneDrive\\Desktop\\PrepZen AI\\backend\\src\\models\\User.ts","statementMap":{"0":{"start":{"line":1,"column":0},"end":{"line":1,"column":51}},"1":{"start":{"line":9,"column":19},"end":{"line":13,"column":24}},"2":{"start":{"line":15,"column":0},"end":{"line":15,"column":48}}},"fnMap":{},"branchMap":{},"s":{"0":2,"1":2,"2":2},"f":{},"b":{}}
,"C:\\Users\\Bhavyaa\\OneDrive\\Desktop\\PrepZen AI\\backend\\src\\routes\\ai.ts": {"path":"C:\\Users\\Bhavyaa\\OneDrive\\Desktop\\PrepZen AI\\backend\\src\\routes\\ai.ts","statementMap":{"0":{"start":{"line":1,"column":0},"end":{"line":1,"column":33}},"1":{"start":{"line":2,"column":0},"end":{"line":2,"column":76}},"2":{"start":{"line":3,"column":0},"end":{"line":3,"column":50}},"3":{"start":{"line":5,"column":15},"end":{"line":5,"column":23}},"4":{"start":{"line":7,"column":0},"end":{"line":7,"column":53}},"5":{"start":{"line":8,"column":0},"end":{"line":8,"column":49}},"6":{"start":{"line":10,"column":0},"end":{"line":10,"column":22}}},"fnMap":{},"branchMap":{},"s":{"0":1,"1":1,"2":1,"3":1,"4":1,"5":1,"6":1},"f":{},"b":{}}
,"C:\\Users\\Bhavyaa\\OneDrive\\Desktop\\PrepZen AI\\backend\\src\\routes\\analytics.ts": {"path":"C:\\Users\\Bhavyaa\\OneDrive\\Desktop\\PrepZen AI\\backend\\src\\routes\\analytics.ts","statementMap":{"0":{"start":{"line":1,"column":0},"end":{"line":1,"column":33}},"1":{"start":{"line":2,"column":0},"end":{"line":2,"column":50}},"2":{"start":{"line":3,"column":0},"end":{"line":3,"column":66}},"3":{"start":{"line":4,"column":0},"end":{"line":4,"column":59}},"4":{"start":{"line":6,"column":15},"end":{"line":6,"column":23}},"5":{"start":{"line":8,"column":0},"end":{"line":8,"column":57}},"6":{"start":{"line":10,"column":0},"end":{"line":10,"column":22}}},"fnMap":{},"branchMap":{},"s":{"0":1,"1":1,"2":1,"3":1,"4":1,"5":1,"6":1},"f":{},"b":{}}
,"C:\\Users\\Bhavyaa\\OneDrive\\Desktop\\PrepZen AI\\backend\\src\\routes\\auth.ts": {"path":"C:\\Users\\Bhavyaa\\OneDrive\\Desktop\\PrepZen AI\\backend\\src\\routes\\auth.ts","statementMap":{"0":{"start":{"line":1,"column":0},"end":{"line":1,"column":33}},"1":{"start":{"line":2,"column":0},"end":{"line":2,"column":64}},"2":{"start":{"line":3,"column":0},"end":{"line":3,"column":65}},"3":{"start":{"line":4,"column":0},"end":{"line":4,"column":59}},"4":{"start":{"line":5,"column":0},"end":{"line":5,"column":74}},"5":{"start":{"line":7,"column":15},"end":{"line":7,"column":23}},"6":{"start":{"line":9,"column":0},"end":{"line":9,"column":82}},"7":{"start":{"line":10,"column":0},"end":{"line":10,"column":73}},"8":{"start":{"line":12,"column":0},"end":{"line":12,"column":22}}},"fnMap":{},"branchMap":{},"s":{"0":1,"1":1,"2":1,"3":1,"4":1,"5":1,"6":1,"7":1,"8":1},"f":{},"b":{}}
,"C:\\Users\\Bhavyaa\\OneDrive\\Desktop\\PrepZen AI\\backend\\src\\routes\\index.ts": {"path":"C:\\Users\\Bhavyaa\\OneDrive\\Desktop\\PrepZen AI\\backend\\src\\routes\\index.ts","statementMap":{"0":{"start":{"line":1,"column":0},"end":{"line":1,"column":33}},"1":{"start":{"line":2,"column":0},"end":{"line":2,"column":26}},"2":{"start":{"line":3,"column":0},"end":{"line":3,"column":26}},"3":{"start":{"line":4,"column":0},"end":{"line":4,"column":32}},"4":{"start":{"line":5,"column":0},"end":{"line":5,"column":22}},"5":{"start":{"line":6,"column":0},"end":{"line":6,"column":36}},"6":{"start":{"line":8,"column":15},"end":{"line":8,"column":23}},"7":{"start":{"line":10,"column":0},"end":{"line":10,"column":26}},"8":{"start":{"line":11,"column":0},"end":{"line":11,"column":26}},"9":{"start":{"line":12,"column":0},"end":{"line":12,"column":32}},"10":{"start":{"line":13,"column":0},"end":{"line":13,"column":22}},"11":{"start":{"line":14,"column":0},"end":{"line":14,"column":36}},"12":{"start":{"line":16,"column":0},"end":{"line":16,"column":22}}},"fnMap":{},"branchMap":{},"s":{"0":1,"1":1,"2":1,"3":1,"4":1,"5":1,"6":1,"7":1,"8":1,"9":1,"10":1,"11":1,"12":1},"f":{},"b":{}}
,"C:\\Users\\Bhavyaa\\OneDrive\\Desktop\\PrepZen AI\\backend\\src\\routes\\journal.ts": {"path":"C:\\Users\\Bhavyaa\\OneDrive\\Desktop\\PrepZen AI\\backend\\src\\routes\\journal.ts","statementMap":{"0":{"start":{"line":1,"column":0},"end":{"line":1,"column":33}},"1":{"start":{"line":2,"column":0},"end":{"line":2,"column":84}},"2":{"start":{"line":3,"column":0},"end":{"line":3,"column":50}},"3":{"start":{"line":4,"column":0},"end":{"line":4,"column":65}},"4":{"start":{"line":5,"column":0},"end":{"line":5,"column":59}},"5":{"start":{"line":6,"column":0},"end":{"line":6,"column":68}},"6":{"start":{"line":8,"column":15},"end":{"line":8,"column":23}},"7":{"start":{"line":10,"column":0},"end":{"line":10,"column":96}},"8":{"start":{"line":11,"column":0},"end":{"line":11,"column":69}},"9":{"start":{"line":13,"column":0},"end":{"line":13,"column":22}}},"fnMap":{},"branchMap":{},"s":{"0":1,"1":1,"2":1,"3":1,"4":1,"5":1,"6":1,"7":1,"8":1,"9":1},"f":{},"b":{}}
,"C:\\Users\\Bhavyaa\\OneDrive\\Desktop\\PrepZen AI\\backend\\src\\routes\\mood.ts": {"path":"C:\\Users\\Bhavyaa\\OneDrive\\Desktop\\PrepZen AI\\backend\\src\\routes\\mood.ts","statementMap":{"0":{"start":{"line":1,"column":0},"end":{"line":1,"column":33}},"1":{"start":{"line":2,"column":0},"end":{"line":2,"column":75}},"2":{"start":{"line":3,"column":0},"end":{"line":3,"column":50}},"3":{"start":{"line":4,"column":0},"end":{"line":4,"column":65}},"4":{"start":{"line":5,"column":0},"end":{"line":5,"column":59}},"5":{"start":{"line":6,"column":0},"end":{"line":6,"column":62}},"6":{"start":{"line":8,"column":15},"end":{"line":8,"column":23}},"7":{"start":{"line":10,"column":0},"end":{"line":10,"column":90}},"8":{"start":{"line":11,"column":0},"end":{"line":11,"column":66}},"9":{"start":{"line":13,"column":0},"end":{"line":13,"column":22}}},"fnMap":{},"branchMap":{},"s":{"0":1,"1":1,"2":1,"3":1,"4":1,"5":1,"6":1,"7":1,"8":1,"9":1},"f":{},"b":{}}
,"C:\\Users\\Bhavyaa\\OneDrive\\Desktop\\PrepZen AI\\backend\\src\\services\\analyticsService.ts": {"path":"C:\\Users\\Bhavyaa\\OneDrive\\Desktop\\PrepZen AI\\backend\\src\\services\\analyticsService.ts","statementMap":{"0":{"start":{"line":12,"column":0},"end":{"line":12,"column":7}},"1":{"start":{"line":1,"column":0},"end":{"line":1,"column":33}},"2":{"start":{"line":2,"column":0},"end":{"line":2,"column":44}},"3":{"start":{"line":3,"column":0},"end":{"line":3,"column":50}},"4":{"start":{"line":4,"column":0},"end":{"line":4,"column":46}},"5":{"start":{"line":7,"column":2},"end":{"line":7,"column":32}},"6":{"start":{"line":7,"column":19},"end":{"line":7,"column":32}},"7":{"start":{"line":8,"column":2},"end":{"line":8,"column":35}},"8":{"start":{"line":8,"column":19},"end":{"line":8,"column":35}},"9":{"start":{"line":9,"column":2},"end":{"line":9,"column":16}},"10":{"start":{"line":13,"column":23},"end":{"line":13,"column":49}},"11":{"start":{"line":14,"column":40},"end":{"line":18,"column":4}},"12":{"start":{"line":20,"column":16},"end":{"line":20,"column":43}},"13":{"start":{"line":21,"column":19},"end":{"line":21,"column":95}},"14":{"start":{"line":21,"column":52},"end":{"line":21,"column":83}},"15":{"start":{"line":22,"column":19},"end":{"line":22,"column":95}},"16":{"start":{"line":22,"column":52},"end":{"line":22,"column":83}},"17":{"start":{"line":23,"column":20},"end":{"line":23,"column":97}},"18":{"start":{"line":23,"column":53},"end":{"line":23,"column":85}},"19":{"start":{"line":25,"column":42},"end":{"line":32,"column":4}},"20":{"start":{"line":33,"column":18},"end":{"line":33,"column":97}},"21":{"start":{"line":33,"column":51},"end":{"line":33,"column":85}},"22":{"start":{"line":35,"column":27},"end":{"line":35,"column":72}},"23":{"start":{"line":36,"column":21},"end":{"line":36,"column":67}},"24":{"start":{"line":37,"column":21},"end":{"line":37,"column":82}},"25":{"start":{"line":38,"column":22},"end":{"line":38,"column":77}},"26":{"start":{"line":39,"column":20},"end":{"line":39,"column":65}},"27":{"start":{"line":40,"column":24},"end":{"line":40,"column":104}},"28":{"start":{"line":42,"column":26},"end":{"line":42,"column":120}},"29":{"start":{"line":43,"column":48},"end":{"line":43,"column":50}},"30":{"start":{"line":45,"column":2},"end":{"line":52,"column":5}},"31":{"start":{"line":46,"column":27},"end":{"line":46,"column":61}},"32":{"start":{"line":47,"column":4},"end":{"line":51,"column":7}},"33":{"start":{"line":48,"column":6},"end":{"line":50,"column":7}},"34":{"start":{"line":49,"column":8},"end":{"line":49,"column":67}},"35":{"start":{"line":54,"column":2},"end":{"line":59,"column":5}},"36":{"start":{"line":55,"column":4},"end":{"line":58,"column":7}},"37":{"start":{"line":56,"column":25},"end":{"line":56,"column":46}},"38":{"start":{"line":57,"column":6},"end":{"line":57,"column":71}},"39":{"start":{"line":61,"column":27},"end":{"line":64,"column":52}},"40":{"start":{"line":62,"column":20},"end":{"line":62,"column":31}},"41":{"start":{"line":64,"column":32},"end":{"line":64,"column":50}},"42":{"start":{"line":66,"column":2},"end":{"line":79,"column":4}}},"fnMap":{"0":{"name":"riskFromScore","decl":{"start":{"line":6,"column":9},"end":{"line":6,"column":22}},"loc":{"start":{"line":6,"column":36},"end":{"line":10,"column":1}}},"1":{"name":"computeAnalyticsForUser","decl":{"start":{"line":12,"column":22},"end":{"line":12,"column":45}},"loc":{"start":{"line":12,"column":77},"end":{"line":80,"column":1}}},"2":{"name":"(anonymous_3)","decl":{"start":{"line":21,"column":34},"end":{"line":21,"column":35}},"loc":{"start":{"line":21,"column":52},"end":{"line":21,"column":83}}},"3":{"name":"(anonymous_4)","decl":{"start":{"line":22,"column":34},"end":{"line":22,"column":35}},"loc":{"start":{"line":22,"column":52},"end":{"line":22,"column":83}}},"4":{"name":"(anonymous_5)","decl":{"start":{"line":23,"column":35},"end":{"line":23,"column":36}},"loc":{"start":{"line":23,"column":53},"end":{"line":23,"column":85}}},"5":{"name":"(anonymous_6)","decl":{"start":{"line":33,"column":33},"end":{"line":33,"column":34}},"loc":{"start":{"line":33,"column":51},"end":{"line":33,"column":85}}},"6":{"name":"(anonymous_7)","decl":{"start":{"line":45,"column":19},"end":{"line":45,"column":20}},"loc":{"start":{"line":45,"column":36},"end":{"line":52,"column":3}}},"7":{"name":"(anonymous_8)","decl":{"start":{"line":47,"column":28},"end":{"line":47,"column":35}},"loc":{"start":{"line":47,"column":38},"end":{"line":51,"column":5}}},"8":{"name":"(anonymous_9)","decl":{"start":{"line":54,"column":19},"end":{"line":54,"column":27}},"loc":{"start":{"line":54,"column":30},"end":{"line":59,"column":3}}},"9":{"name":"(anonymous_10)","decl":{"start":{"line":55,"column":45},"end":{"line":55,"column":46}},"loc":{"start":{"line":55,"column":65},"end":{"line":58,"column":5}}},"10":{"name":"(anonymous_11)","decl":{"start":{"line":62,"column":10},"end":{"line":62,"column":11}},"loc":{"start":{"line":62,"column":20},"end":{"line":62,"column":31}}},"11":{"name":"(anonymous_12)","decl":{"start":{"line":64,"column":9},"end":{"line":64,"column":10}},"loc":{"start":{"line":64,"column":32},"end":{"line":64,"column":50}}}},"branchMap":{"0":{"loc":{"start":{"line":7,"column":2},"end":{"line":7,"column":32}},"type":"if","locations":[{"start":{"line":7,"column":2},"end":{"line":7,"column":32}}]},"1":{"loc":{"start":{"line":8,"column":2},"end":{"line":8,"column":35}},"type":"if","locations":[{"start":{"line":8,"column":2},"end":{"line":8,"column":35}}]},"2":{"loc":{"start":{"line":21,"column":61},"end":{"line":21,"column":82}},"type":"binary-expr","locations":[{"start":{"line":21,"column":61},"end":{"line":21,"column":77}},{"start":{"line":21,"column":81},"end":{"line":21,"column":82}}]},"3":{"loc":{"start":{"line":22,"column":61},"end":{"line":22,"column":82}},"type":"binary-expr","locations":[{"start":{"line":22,"column":61},"end":{"line":22,"column":77}},{"start":{"line":22,"column":81},"end":{"line":22,"column":82}}]},"4":{"loc":{"start":{"line":23,"column":62},"end":{"line":23,"column":84}},"type":"binary-expr","locations":[{"start":{"line":23,"column":62},"end":{"line":23,"column":79}},{"start":{"line":23,"column":83},"end":{"line":23,"column":84}}]},"5":{"loc":{"start":{"line":33,"column":60},"end":{"line":33,"column":84}},"type":"binary-expr","locations":[{"start":{"line":33,"column":60},"end":{"line":33,"column":79}},{"start":{"line":33,"column":83},"end":{"line":33,"column":84}}]},"6":{"loc":{"start":{"line":46,"column":28},"end":{"line":46,"column":46}},"type":"binary-expr","locations":[{"start":{"line":46,"column":28},"end":{"line":46,"column":40}},{"start":{"line":46,"column":44},"end":{"line":46,"column":46}}]},"7":{"loc":{"start":{"line":48,"column":6},"end":{"line":50,"column":7}},"type":"if","locations":[{"start":{"line":48,"column":6},"end":{"line":50,"column":7}}]},"8":{"loc":{"start":{"line":49,"column":34},"end":{"line":49,"column":61}},"type":"binary-expr","locations":[{"start":{"line":49,"column":34},"end":{"line":49,"column":56}},{"start":{"line":49,"column":60},"end":{"line":49,"column":61}}]},"9":{"loc":{"start":{"line":55,"column":5},"end":{"line":55,"column":35}},"type":"binary-expr","locations":[{"start":{"line":55,"column":5},"end":{"line":55,"column":29}},{"start":{"line":55,"column":33},"end":{"line":55,"column":35}}]},"10":{"loc":{"start":{"line":57,"column":35},"end":{"line":57,"column":65}},"type":"binary-expr","locations":[{"start":{"line":57,"column":35},"end":{"line":57,"column":60}},{"start":{"line":57,"column":64},"end":{"line":57,"column":65}}]}},"s":{"0":1,"1":1,"2":1,"3":1,"4":1,"5":0,"6":0,"7":0,"8":0,"9":0,"10":0,"11":0,"12":0,"13":0,"14":0,"15":0,"16":0,"17":0,"18":0,"19":0,"20":0,"21":0,"22":0,"23":0,"24":0,"25":0,"26":0,"27":0,"28":0,"29":0,"30":0,"31":0,"32":0,"33":0,"34":0,"35":0,"36":0,"37":0,"38":0,"39":0,"40":0,"41":0,"42":0},"f":{"0":0,"1":0,"2":0,"3":0,"4":0,"5":0,"6":0,"7":0,"8":0,"9":0,"10":0,"11":0},"b":{"0":[0],"1":[0],"2":[0,0],"3":[0,0],"4":[0,0],"5":[0,0],"6":[0,0],"7":[0],"8":[0,0],"9":[0,0],"10":[0,0]}}
,"C:\\Users\\Bhavyaa\\OneDrive\\Desktop\\PrepZen AI\\backend\\src\\services\\authService.ts": {"path":"C:\\Users\\Bhavyaa\\OneDrive\\Desktop\\PrepZen AI\\backend\\src\\services\\authService.ts","statementMap":{"0":{"start":{"line":13,"column":0},"end":{"line":13,"column":7}},"1":{"start":{"line":24,"column":0},"end":{"line":24,"column":7}},"2":{"start":{"line":38,"column":0},"end":{"line":38,"column":16}},"3":{"start":{"line":1,"column":0},"end":{"line":1,"column":28}},"4":{"start":{"line":2,"column":0},"end":{"line":2,"column":31}},"5":{"start":{"line":3,"column":0},"end":{"line":3,"column":45}},"6":{"start":{"line":4,"column":0},"end":{"line":4,"column":45}},"7":{"start":{"line":5,"column":0},"end":{"line":5,"column":35}},"8":{"start":{"line":14,"column":23},"end":{"line":14,"column":65}},"9":{"start":{"line":15,"column":2},"end":{"line":17,"column":3}},"10":{"start":{"line":16,"column":4},"end":{"line":16,"column":51}},"11":{"start":{"line":19,"column":23},"end":{"line":19,"column":60}},"12":{"start":{"line":20,"column":15},"end":{"line":20,"column":98}},"13":{"start":{"line":21,"column":2},"end":{"line":21,"column":14}},"14":{"start":{"line":25,"column":15},"end":{"line":25,"column":44}},"15":{"start":{"line":26,"column":2},"end":{"line":28,"column":3}},"16":{"start":{"line":27,"column":4},"end":{"line":27,"column":51}},"17":{"start":{"line":30,"column":26},"end":{"line":30,"column":71}},"18":{"start":{"line":31,"column":2},"end":{"line":33,"column":3}},"19":{"start":{"line":32,"column":4},"end":{"line":32,"column":51}},"20":{"start":{"line":35,"column":2},"end":{"line":35,"column":14}},"21":{"start":{"line":39,"column":2},"end":{"line":39,"column":94}}},"fnMap":{"0":{"name":"createUser","decl":{"start":{"line":13,"column":22},"end":{"line":13,"column":32}},"loc":{"start":{"line":13,"column":53},"end":{"line":22,"column":1}}},"1":{"name":"authenticateUser","decl":{"start":{"line":24,"column":22},"end":{"line":24,"column":38}},"loc":{"start":{"line":24,"column":70},"end":{"line":36,"column":1}}},"2":{"name":"buildJwtToken","decl":{"start":{"line":38,"column":16},"end":{"line":38,"column":29}},"loc":{"start":{"line":38,"column":44},"end":{"line":40,"column":1}}}},"branchMap":{"0":{"loc":{"start":{"line":15,"column":2},"end":{"line":17,"column":3}},"type":"if","locations":[{"start":{"line":15,"column":2},"end":{"line":17,"column":3}}]},"1":{"loc":{"start":{"line":26,"column":2},"end":{"line":28,"column":3}},"type":"if","locations":[{"start":{"line":26,"column":2},"end":{"line":28,"column":3}}]},"2":{"loc":{"start":{"line":31,"column":2},"end":{"line":33,"column":3}},"type":"if","locations":[{"start":{"line":31,"column":2},"end":{"line":33,"column":3}}]}},"s":{"0":2,"1":2,"2":2,"3":2,"4":2,"5":2,"6":2,"7":2,"8":2,"9":2,"10":1,"11":1,"12":1,"13":1,"14":2,"15":2,"16":1,"17":1,"18":1,"19":0,"20":1,"21":0},"f":{"0":2,"1":2,"2":0},"b":{"0":[1],"1":[1],"2":[0]}}
,"C:\\Users\\Bhavyaa\\OneDrive\\Desktop\\PrepZen AI\\backend\\src\\services\\journalService.ts": {"path":"C:\\Users\\Bhavyaa\\OneDrive\\Desktop\\PrepZen AI\\backend\\src\\services\\journalService.ts","statementMap":{"0":{"start":{"line":11,"column":0},"end":{"line":11,"column":7}},"1":{"start":{"line":21,"column":0},"end":{"line":21,"column":7}},"2":{"start":{"line":1,"column":0},"end":{"line":1,"column":33}},"3":{"start":{"line":2,"column":0},"end":{"line":2,"column":69}},"4":{"start":{"line":3,"column":0},"end":{"line":3,"column":63}},"5":{"start":{"line":4,"column":0},"end":{"line":4,"column":53}},"6":{"start":{"line":12,"column":23},"end":{"line":12,"column":49}},"7":{"start":{"line":13,"column":18},"end":{"line":13,"column":73}},"8":{"start":{"line":14,"column":25},"end":{"line":14,"column":98}},"9":{"start":{"line":15,"column":13},"end":{"line":15,"column":101}},"10":{"start":{"line":16,"column":2},"end":{"line":16,"column":28}},"11":{"start":{"line":17,"column":2},"end":{"line":17,"column":23}},"12":{"start":{"line":18,"column":2},"end":{"line":18,"column":35}},"13":{"start":{"line":22,"column":2},"end":{"line":26,"column":12}}},"fnMap":{"0":{"name":"createJournalEntry","decl":{"start":{"line":11,"column":22},"end":{"line":11,"column":40}},"loc":{"start":{"line":11,"column":86},"end":{"line":19,"column":1}}},"1":{"name":"getJournalHistoryForUser","decl":{"start":{"line":21,"column":22},"end":{"line":21,"column":46}},"loc":{"start":{"line":21,"column":91},"end":{"line":27,"column":1}}}},"branchMap":{"0":{"loc":{"start":{"line":21,"column":80},"end":{"line":21,"column":91}},"type":"default-arg","locations":[{"start":{"line":21,"column":88},"end":{"line":21,"column":91}}]}},"s":{"0":1,"1":1,"2":1,"3":1,"4":1,"5":1,"6":0,"7":0,"8":0,"9":0,"10":0,"11":0,"12":0,"13":0},"f":{"0":0,"1":0},"b":{"0":[0]}}
,"C:\\Users\\Bhavyaa\\OneDrive\\Desktop\\PrepZen AI\\backend\\src\\services\\moodService.ts": {"path":"C:\\Users\\Bhavyaa\\OneDrive\\Desktop\\PrepZen AI\\backend\\src\\services\\moodService.ts","statementMap":{"0":{"start":{"line":12,"column":0},"end":{"line":12,"column":7}},"1":{"start":{"line":23,"column":0},"end":{"line":23,"column":7}},"2":{"start":{"line":1,"column":0},"end":{"line":1,"column":33}},"3":{"start":{"line":2,"column":0},"end":{"line":2,"column":60}},"4":{"start":{"line":13,"column":2},"end":{"line":20,"column":5}},"5":{"start":{"line":24,"column":2},"end":{"line":27,"column":12}}},"fnMap":{"0":{"name":"createMoodEntry","decl":{"start":{"line":12,"column":22},"end":{"line":12,"column":37}},"loc":{"start":{"line":12,"column":96},"end":{"line":21,"column":1}}},"1":{"name":"getMoodHistoryForUser","decl":{"start":{"line":23,"column":22},"end":{"line":23,"column":43}},"loc":{"start":{"line":23,"column":88},"end":{"line":28,"column":1}}}},"branchMap":{"0":{"loc":{"start":{"line":23,"column":77},"end":{"line":23,"column":88}},"type":"default-arg","locations":[{"start":{"line":23,"column":85},"end":{"line":23,"column":88}}]}},"s":{"0":1,"1":1,"2":1,"3":1,"4":0,"5":0},"f":{"0":0,"1":0},"b":{"0":[0]}}
,"C:\\Users\\Bhavyaa\\OneDrive\\Desktop\\PrepZen AI\\backend\\src\\services\\openaiService.ts": {"path":"C:\\Users\\Bhavyaa\\OneDrive\\Desktop\\PrepZen AI\\backend\\src\\services\\openaiService.ts","statementMap":{"0":{"start":{"line":13,"column":0},"end":{"line":13,"column":7}},"1":{"start":{"line":49,"column":0},"end":{"line":49,"column":7}},"2":{"start":{"line":2,"column":0},"end":{"line":2,"column":28}},"3":{"start":{"line":3,"column":0},"end":{"line":3,"column":35}},"4":{"start":{"line":5,"column":15},"end":{"line":5,"column":55}},"5":{"start":{"line":8,"column":17},"end":{"line":8,"column":54}},"6":{"start":{"line":9,"column":2},"end":{"line":9,"column":48}},"7":{"start":{"line":9,"column":34},"end":{"line":9,"column":48}},"8":{"start":{"line":10,"column":2},"end":{"line":10,"column":39}},"9":{"start":{"line":14,"column":17},"end":{"line":14,"column":213}},"10":{"start":{"line":15,"column":2},"end":{"line":24,"column":3}},"11":{"start":{"line":16,"column":4},"end":{"line":23,"column":6}},"12":{"start":{"line":26,"column":15},"end":{"line":30,"column":4}},"13":{"start":{"line":32,"column":2},"end":{"line":46,"column":3}},"14":{"start":{"line":33,"column":21},"end":{"line":33,"column":50}},"15":{"start":{"line":34,"column":22},"end":{"line":34,"column":43}},"16":{"start":{"line":35,"column":17},"end":{"line":35,"column":54}},"17":{"start":{"line":36,"column":4},"end":{"line":36,"column":16}},"18":{"start":{"line":38,"column":4},"end":{"line":45,"column":6}},"19":{"start":{"line":50,"column":2},"end":{"line":50,"column":88}},"20":{"start":{"line":50,"column":25},"end":{"line":50,"column":88}},"21":{"start":{"line":51,"column":17},"end":{"line":51,"column":136}},"22":{"start":{"line":52,"column":15},"end":{"line":56,"column":4}},"23":{"start":{"line":57,"column":2},"end":{"line":57,"column":96}}},"fnMap":{"0":{"name":"parseResponseText","decl":{"start":{"line":7,"column":15},"end":{"line":7,"column":32}},"loc":{"start":{"line":7,"column":42},"end":{"line":11,"column":1}}},"1":{"name":"runJournalAnalysis","decl":{"start":{"line":13,"column":22},"end":{"line":13,"column":40}},"loc":{"start":{"line":13,"column":82},"end":{"line":47,"column":1}}},"2":{"name":"runChat","decl":{"start":{"line":49,"column":22},"end":{"line":49,"column":29}},"loc":{"start":{"line":49,"column":58},"end":{"line":58,"column":1}}}},"branchMap":{"0":{"loc":{"start":{"line":9,"column":2},"end":{"line":9,"column":48}},"type":"if","locations":[{"start":{"line":9,"column":2},"end":{"line":9,"column":48}}]},"1":{"loc":{"start":{"line":15,"column":2},"end":{"line":24,"column":3}},"type":"if","locations":[{"start":{"line":15,"column":2},"end":{"line":24,"column":3}}]},"2":{"loc":{"start":{"line":50,"column":2},"end":{"line":50,"column":88}},"type":"if","locations":[{"start":{"line":50,"column":2},"end":{"line":50,"column":88}}]},"3":{"loc":{"start":{"line":57,"column":9},"end":{"line":57,"column":95}},"type":"binary-expr","locations":[{"start":{"line":57,"column":10},"end":{"line":57,"column":39}},{"start":{"line":57,"column":44},"end":{"line":57,"column":95}}]}},"s":{"0":1,"1":1,"2":1,"3":1,"4":1,"5":0,"6":0,"7":0,"8":0,"9":0,"10":0,"11":0,"12":0,"13":0,"14":0,"15":0,"16":0,"17":0,"18":0,"19":0,"20":0,"21":0,"22":0,"23":0},"f":{"0":0,"1":0,"2":0},"b":{"0":[0],"1":[0],"2":[0],"3":[0,0]}}
,"C:\\Users\\Bhavyaa\\OneDrive\\Desktop\\PrepZen AI\\backend\\src\\utils\\apiError.ts": {"path":"C:\\Users\\Bhavyaa\\OneDrive\\Desktop\\PrepZen AI\\backend\\src\\utils\\apiError.ts","statementMap":{"0":{"start":{"line":4,"column":4},"end":{"line":4,"column":19}},"1":{"start":{"line":5,"column":4},"end":{"line":5,"column":33}},"2":{"start":{"line":6,"column":4},"end":{"line":6,"column":52}},"3":{"start":{"line":1,"column":0},"end":{"line":1,"column":13}}},"fnMap":{"0":{"name":"(anonymous_0)","decl":{"start":{"line":3,"column":2},"end":{"line":3,"column":14}},"loc":{"start":{"line":3,"column":47},"end":{"line":7,"column":3}}}},"branchMap":{"0":{"loc":{"start":{"line":3,"column":31},"end":{"line":3,"column":47}},"type":"default-arg","locations":[{"start":{"line":3,"column":44},"end":{"line":3,"column":47}}]}},"s":{"0":3,"1":3,"2":3,"3":2},"f":{"0":3},"b":{"0":[0]}}
,"C:\\Users\\Bhavyaa\\OneDrive\\Desktop\\PrepZen AI\\backend\\src\\validators\\authValidator.ts": {"path":"C:\\Users\\Bhavyaa\\OneDrive\\Desktop\\PrepZen AI\\backend\\src\\validators\\authValidator.ts","statementMap":{"0":{"start":{"line":1,"column":0},"end":{"line":1,"column":24}},"1":{"start":{"line":3,"column":14},"end":{"line":3,"column":70}},"2":{"start":{"line":4,"column":17},"end":{"line":4,"column":89}},"3":{"start":{"line":5,"column":13},"end":{"line":5,"column":74}},"4":{"start":{"line":7,"column":13},"end":{"line":9,"column":3}},"5":{"start":{"line":11,"column":13},"end":{"line":13,"column":3}}},"fnMap":{},"branchMap":{},"s":{"0":2,"1":2,"2":2,"3":2,"4":2,"5":2},"f":{},"b":{}}
,"C:\\Users\\Bhavyaa\\OneDrive\\Desktop\\PrepZen AI\\backend\\src\\validators\\journalValidator.ts": {"path":"C:\\Users\\Bhavyaa\\OneDrive\\Desktop\\PrepZen AI\\backend\\src\\validators\\journalValidator.ts","statementMap":{"0":{"start":{"line":1,"column":0},"end":{"line":1,"column":24}},"1":{"start":{"line":3,"column":13},"end":{"line":7,"column":3}}},"fnMap":{},"branchMap":{},"s":{"0":2,"1":2},"f":{},"b":{}}
,"C:\\Users\\Bhavyaa\\OneDrive\\Desktop\\PrepZen AI\\backend\\src\\validators\\moodValidator.ts": {"path":"C:\\Users\\Bhavyaa\\OneDrive\\Desktop\\PrepZen AI\\backend\\src\\validators\\moodValidator.ts","statementMap":{"0":{"start":{"line":1,"column":0},"end":{"line":1,"column":24}},"1":{"start":{"line":3,"column":13},"end":{"line":11,"column":3}}},"fnMap":{},"branchMap":{},"s":{"0":2,"1":2},"f":{},"b":{}}
}
