TN:
SF:src\app.ts
FNF:0
FNH:0
DA:1,1
DA:2,1
DA:3,1
DA:4,1
DA:5,1
DA:6,1
DA:8,1
DA:9,1
DA:12,1
DA:13,1
DA:15,1
DA:20,1
DA:21,1
DA:22,1
DA:28,1
DA:29,1
DA:31,1
DA:38,1
DA:40,1
DA:42,1
DA:44,1
LF:21
LH:21
BRDA:24,0,0,1
BRDA:24,0,1,1
BRF:2
BRH:2
end_of_record
TN:
SF:src\config\index.ts
FNF:0
FNH:0
DA:1,2
DA:3,2
DA:5,2
LF:3
LH:3
BRDA:6,0,0,2
BRDA:6,0,1,0
BRDA:7,1,0,2
BRDA:7,1,1,0
BRDA:8,2,0,2
BRDA:8,2,1,0
BRDA:9,3,0,2
BRDA:9,3,1,2
BRF:8
BRH:5
end_of_record
TN:
SF:src\controllers\aiController.ts
FN:4,analyzeJournal
FN:11,chatWithCoach
FNF:2
FNH:0
FNDA:0,analyzeJournal
FNDA:0,chatWithCoach
DA:2,1
DA:4,1
DA:5,0
DA:6,0
DA:7,0
DA:8,0
DA:11,1
DA:12,0
DA:13,0
DA:14,0
DA:15,0
LF:11
LH:3
BRF:0
BRH:0
end_of_record
TN:
SF:src\controllers\analyticsController.ts
FN:4,getAnalytics
FNF:1
FNH:0
FNDA:0,getAnalytics
DA:2,1
DA:4,1
DA:5,0
DA:6,0
DA:7,0
LF:5
LH:2
BRF:0
BRH:0
end_of_record
TN:
SF:src\controllers\authController.ts
FN:4,register
FN:11,login
FNF:2
FNH:0
FNDA:0,register
FNDA:0,login
DA:2,1
DA:4,1
DA:5,0
DA:6,0
DA:7,0
DA:8,0
DA:11,1
DA:12,0
DA:13,0
DA:14,0
DA:15,0
LF:11
LH:3
BRF:0
BRH:0
end_of_record
TN:
SF:src\controllers\journalController.ts
FN:4,createJournal
FN:11,getJournalHistory
FNF:2
FNH:0
FNDA:0,createJournal
FNDA:0,getJournalHistory
DA:2,1
DA:4,1
DA:5,0
DA:6,0
DA:7,0
DA:8,0
DA:11,1
DA:12,0
DA:13,0
DA:14,0
LF:10
LH:3
BRF:0
BRH:0
end_of_record
TN:
SF:src\controllers\moodController.ts
FN:4,createMood
FN:10,getMoodHistory
FNF:2
FNH:0
FNDA:0,createMood
FNDA:0,getMoodHistory
DA:2,1
DA:4,1
DA:5,0
DA:6,0
DA:7,0
DA:10,1
DA:11,0
DA:12,0
DA:13,0
LF:9
LH:3
BRF:0
BRH:0
end_of_record
TN:
SF:src\middlewares\asyncHandler.ts
FN:3,asyncHandler
FN:4,(anonymous_1)
FNF:2
FNH:1
FNDA:7,asyncHandler
FNDA:0,(anonymous_1)
DA:3,1
DA:4,7
DA:5,0
DA:6,0
DA:8,0
LF:5
LH:2
BRF:0
BRH:0
end_of_record
TN:
SF:src\middlewares\auth.ts
FN:6,requireAuth
FNF:1
FNH:0
FNDA:0,requireAuth
DA:1,1
DA:3,1
DA:4,1
DA:6,1
DA:7,0
DA:8,0
DA:9,0
DA:12,0
DA:13,0
DA:14,0
DA:15,0
DA:16,0
DA:18,0
LF:13
LH:4
BRDA:8,0,0,0
BRF:1
BRH:0
end_of_record
TN:
SF:src\middlewares\errorHandler.ts
FN:3,errorHandler
FNF:1
FNH:1
FNDA:1,errorHandler
DA:3,1
DA:4,1
DA:5,0
DA:8,1
LF:4
LH:3
BRDA:4,0,0,0
BRDA:8,1,0,1
BRDA:8,1,1,0
BRDA:8,1,2,0
BRDA:9,2,0,1
BRDA:9,2,1,0
BRF:6
BRH:2
end_of_record
TN:
SF:src\middlewares\validateRequest.ts
FN:5,validateRequest
FN:6,(anonymous_1)
FN:12,(anonymous_2)
FNF:3
FNH:3
FNDA:4,validateRequest
FNDA:1,(anonymous_1)
FNDA:2,(anonymous_2)
DA:2,1
DA:3,1
DA:5,1
DA:6,4
DA:7,1
DA:8,1
DA:9,0
DA:11,1
DA:12,2
DA:13,1
DA:15,0
LF:11
LH:9
BRDA:11,0,0,1
BRF:1
BRH:1
end_of_record
TN:
SF:src\models\AIAnalysis.ts
FNF:0
FNH:0
DA:1,1
DA:14,1
DA:25,1
LF:3
LH:3
BRF:0
BRH:0
end_of_record
TN:
SF:src\models\JournalEntry.ts
FNF:0
FNH:0
DA:1,1
DA:9,1
DA:15,1
LF:3
LH:3
BRF:0
BRH:0
end_of_record
TN:
SF:src\models\MoodEntry.ts
FNF:0
FNH:0
DA:1,1
DA:12,1
DA:21,1
LF:3
LH:3
BRF:0
BRH:0
end_of_record
TN:
SF:src\models\User.ts
FNF:0
FNH:0
DA:1,2
DA:9,2
DA:15,2
LF:3
LH:3
BRF:0
BRH:0
end_of_record
TN:
SF:src\routes\ai.ts
FNF:0
FNH:0
DA:1,1
DA:2,1
DA:3,1
DA:5,1
DA:7,1
DA:8,1
DA:10,1
LF:7
LH:7
BRF:0
BRH:0
end_of_record
TN:
SF:src\routes\analytics.ts
FNF:0
FNH:0
DA:1,1
DA:2,1
DA:3,1
DA:4,1
DA:6,1
DA:8,1
DA:10,1
LF:7
LH:7
BRF:0
BRH:0
end_of_record
TN:
SF:src\routes\auth.ts
FNF:0
FNH:0
DA:1,1
DA:2,1
DA:3,1
DA:4,1
DA:5,1
DA:7,1
DA:9,1
DA:10,1
DA:12,1
LF:9
LH:9
BRF:0
BRH:0
end_of_record
TN:
SF:src\routes\index.ts
FNF:0
FNH:0
DA:1,1
DA:2,1
DA:3,1
DA:4,1
DA:5,1
DA:6,1
DA:8,1
DA:10,1
DA:11,1
DA:12,1
DA:13,1
DA:14,1
DA:16,1
LF:13
LH:13
BRF:0
BRH:0
end_of_record
TN:
SF:src\routes\journal.ts
FNF:0
FNH:0
DA:1,1
DA:2,1
DA:3,1
DA:4,1
DA:5,1
DA:6,1
DA:8,1
DA:10,1
DA:11,1
DA:13,1
LF:10
LH:10
BRF:0
BRH:0
end_of_record
TN:
SF:src\routes\mood.ts
FNF:0
FNH:0
DA:1,1
DA:2,1
DA:3,1
DA:4,1
DA:5,1
DA:6,1
DA:8,1
DA:10,1
DA:11,1
DA:13,1
LF:10
LH:10
BRF:0
BRH:0
end_of_record
TN:
SF:src\services\analyticsService.ts
FN:6,riskFromScore
FN:12,computeAnalyticsForUser
FN:21,(anonymous_3)
FN:22,(anonymous_4)
FN:23,(anonymous_5)
FN:33,(anonymous_6)
FN:45,(anonymous_7)
FN:47,(anonymous_8)
FN:54,(anonymous_9)
FN:55,(anonymous_10)
FN:62,(anonymous_11)
FN:64,(anonymous_12)
FNF:12
FNH:0
FNDA:0,riskFromScore
FNDA:0,computeAnalyticsForUser
FNDA:0,(anonymous_3)
FNDA:0,(anonymous_4)
FNDA:0,(anonymous_5)
FNDA:0,(anonymous_6)
FNDA:0,(anonymous_7)
FNDA:0,(anonymous_8)
FNDA:0,(anonymous_9)
FNDA:0,(anonymous_10)
FNDA:0,(anonymous_11)
FNDA:0,(anonymous_12)
DA:1,1
DA:2,1
DA:3,1
DA:4,1
DA:7,0
DA:8,0
DA:9,0
DA:12,1
DA:13,0
DA:14,0
DA:20,0
DA:21,0
DA:22,0
DA:23,0
DA:25,0
DA:33,0
DA:35,0
DA:36,0
DA:37,0
DA:38,0
DA:39,0
DA:40,0
DA:42,0
DA:43,0
DA:45,0
DA:46,0
DA:47,0
DA:48,0
DA:49,0
DA:54,0
DA:55,0
DA:56,0
DA:57,0
DA:61,0
DA:62,0
DA:64,0
DA:66,0
LF:37
LH:5
BRDA:7,0,0,0
BRDA:8,1,0,0
BRDA:21,2,0,0
BRDA:21,2,1,0
BRDA:22,3,0,0
BRDA:22,3,1,0
BRDA:23,4,0,0
BRDA:23,4,1,0
BRDA:33,5,0,0
BRDA:33,5,1,0
BRDA:46,6,0,0
BRDA:46,6,1,0
BRDA:48,7,0,0
BRDA:49,8,0,0
BRDA:49,8,1,0
BRDA:55,9,0,0
BRDA:55,9,1,0
BRDA:57,10,0,0
BRDA:57,10,1,0
BRF:19
BRH:0
end_of_record
TN:
SF:src\services\authService.ts
FN:13,createUser
FN:24,authenticateUser
FN:38,buildJwtToken
FNF:3
FNH:2
FNDA:2,createUser
FNDA:2,authenticateUser
FNDA:0,buildJwtToken
DA:1,2
DA:2,2
DA:3,2
DA:4,2
DA:5,2
DA:13,2
DA:14,2
DA:15,2
DA:16,1
DA:19,1
DA:20,1
DA:21,1
DA:24,2
DA:25,2
DA:26,2
DA:27,1
DA:30,1
DA:31,1
DA:32,0
DA:35,1
DA:38,2
DA:39,0
LF:22
LH:20
BRDA:15,0,0,1
BRDA:26,1,0,1
BRDA:31,2,0,0
BRF:3
BRH:2
end_of_record
TN:
SF:src\services\journalService.ts
FN:11,createJournalEntry
FN:21,getJournalHistoryForUser
FNF:2
FNH:0
FNDA:0,createJournalEntry
FNDA:0,getJournalHistoryForUser
DA:1,1
DA:2,1
DA:3,1
DA:4,1
DA:11,1
DA:12,0
DA:13,0
DA:14,0
DA:15,0
DA:16,0
DA:17,0
DA:18,0
DA:21,1
DA:22,0
LF:14
LH:6
BRDA:21,0,0,0
BRF:1
BRH:0
end_of_record
TN:
SF:src\services\moodService.ts
FN:12,createMoodEntry
FN:23,getMoodHistoryForUser
FNF:2
FNH:0
FNDA:0,createMoodEntry
FNDA:0,getMoodHistoryForUser
DA:1,1
DA:2,1
DA:12,1
DA:13,0
DA:23,1
DA:24,0
LF:6
LH:4
BRDA:23,0,0,0
BRF:1
BRH:0
end_of_record
TN:
SF:src\services\openaiService.ts
FN:7,parseResponseText
FN:13,runJournalAnalysis
FN:49,runChat
FNF:3
FNH:0
FNDA:0,parseResponseText
FNDA:0,runJournalAnalysis
FNDA:0,runChat
DA:2,1
DA:3,1
DA:5,1
DA:8,0
DA:9,0
DA:10,0
DA:13,1
DA:14,0
DA:15,0
DA:16,0
DA:26,0
DA:32,0
DA:33,0
DA:34,0
DA:35,0
DA:36,0
DA:38,0
DA:49,1
DA:50,0
DA:51,0
DA:52,0
DA:57,0
LF:22
LH:5
BRDA:9,0,0,0
BRDA:15,1,0,0
BRDA:50,2,0,0
BRDA:57,3,0,0
BRDA:57,3,1,0
BRF:5
BRH:0
end_of_record
TN:
SF:src\utils\apiError.ts
FN:3,(anonymous_0)
FNF:1
FNH:1
FNDA:3,(anonymous_0)
DA:1,2
DA:4,3
DA:5,3
DA:6,3
LF:4
LH:4
BRDA:3,0,0,0
BRF:1
BRH:0
end_of_record
TN:
SF:src\validators\authValidator.ts
FNF:0
FNH:0
DA:1,2
DA:3,2
DA:4,2
DA:5,2
DA:7,2
DA:11,2
LF:6
LH:6
BRF:0
BRH:0
end_of_record
TN:
SF:src\validators\journalValidator.ts
FNF:0
FNH:0
DA:1,2
DA:3,2
LF:2
LH:2
BRF:0
BRH:0
end_of_record
TN:
SF:src\validators\moodValidator.ts
FNF:0
FNH:0
DA:1,2
DA:3,2
LF:2
LH:2
BRF:0
BRH:0
end_of_record
